[09-Jan-2025 12:02:41 Europe/Berlin] Parameters: Array
(
    [0] => CERTIFICATE OF NATIONAL ID
    [1] => Leah Cruz
    [2] => 28
    [3] => married
    [4] => Filipino
    [5] => 2123 Interior 2 Jesus Street, Pandacan, Manila
    [6] => 2024-12-16
    [7] => clariseelle0826@gmail.com
    [8] => Identification ID/Government ID, Barangay Clearance/Proof of Residency
    [9] => Loan Application
    [10] => Passport
    [11] => 
    [12] => Juan Cruz
    [13] => 2020-01-20
    [14] => 4
    [15] => 0
    [16] => 5
)

[09-Jan-2025 19:13:19 Europe/Berlin] Parameters: Array
(
    [0] => CERTIFICATE OF NATIONAL ID
    [1] => Trizthel Mae S. Tablan
    [2] => 22
    [3] => single
    [4] => Filipino
    [5] => 2141 Interior 10 Jesus Street, Pandacan, Manila
    [6] => 2024-12-16
    [7] => trizthelmaetablan@gmail.com
    [8] => Identification ID/Government ID, Barangay Clearance/Proof of Residency
    [9] => N/A
    [10] => Barangay_ID
    [11] => 
    [12] => Kazuhiko Tirados
    [13] => 2021-06-20
    [14] => 20
    [15] => 0
    [16] => 1
)

[09-Jan-2025 19:40:54 Europe/Berlin] PHP Fatal error:  Uncaught ArgumentCountError: The number of elements in the type definition string must match the number of bind variables in C:\xampp\htdocs\ebrgy_adminfinal\crudNationalID\update_cert.php:72
Stack trace:
#0 C:\xampp\htdocs\ebrgy_adminfinal\crudNationalID\update_cert.php(72): mysqli_stmt->bind_param('ssissssssssssss...', 'CERTIFICATE OF ...', 'Trizthel Mae S....', '22', 'single', 'Filipino', '2141 Interior 1...', '2024-12-16', 'trizthelmaetabl...', 'Identification ...', 'N/A', 'Barangay_ID', 'uploads/eye.jpg', 'Kazuhiko Tirado...', '2021-06-20', '20', '1')
#1 {main}
  thrown in C:\xampp\htdocs\ebrgy_adminfinal\crudNationalID\update_cert.php on line 72
[09-Jan-2025 21:07:40 Europe/Berlin] PHP Warning:  Undefined variable $params in C:\xampp\htdocs\ebrgy_adminfinal\crudNationalID\update_cert.php on line 12
[09-Jan-2025 21:07:40 Europe/Berlin] Executing update with values: null
[09-Jan-2025 21:07:40 Europe/Berlin] PHP Warning:  Undefined variable $stmt in C:\xampp\htdocs\ebrgy_adminfinal\crudNationalID\update_cert.php on line 14
[09-Jan-2025 21:07:40 Europe/Berlin] PHP Fatal error:  Uncaught Error: Call to a member function bind_param() on null in C:\xampp\htdocs\ebrgy_adminfinal\crudNationalID\update_cert.php:14
Stack trace:
#0 {main}
  thrown in C:\xampp\htdocs\ebrgy_adminfinal\crudNationalID\update_cert.php on line 14
