[09-Jan-2025 10:55:45 Europe/Berlin] Parameters: Array
(
    [0] => CERTIFICATE OF NON-RESIDENCY
    [1] => Trizthel Mae S. Tablan
    [2] => 22
    [3] => single
    [4] => Filipino
    [5] => 2141 Interior 10 Jesus Street, Pandacan, Manila
    [6] => 2024-12-16
    [7] => trizthelmaetablan@gmail.com
    [8] => Proof of Non-Residency for Loan
    [9] => N/A
    [10] => National_ID
    [11] => 
    [12] => Kazuhiko Tirados
    [13] => 2021-06-20
    [14] => 230
    [15] => 0
    [16] => 1
)

[09-Jan-2025 10:55:51 Europe/Berlin] Parameters: Array
(
    [0] => CERTIFICATE OF NON-RESIDENCY
    [1] => Trizthel Mae S. Tablan
    [2] => 22
    [3] => single
    [4] => Filipino
    [5] => 2141 Interior 10 Jesus Street, Pandacan, Manila
    [6] => 2024-12-16
    [7] => trizthelmaetablan@gmail.com
    [8] => Proof of Non-Residency for Loan
    [9] => N/A
    [10] => National_ID
    [11] => 
    [12] => Kazuhiko Tirados
    [13] => 2021-06-20
    [14] => 20
    [15] => 0
    [16] => 1
)

[09-Jan-2025 10:55:57 Europe/Berlin] Parameters: Array
(
    [0] => CERTIFICATE OF NON-RESIDENCY
    [1] => Trizthel Mae S. Tablan
    [2] => 22
    [3] => single
    [4] => Filipino
    [5] => 2141 Interior 10 Jesus Street, Pandacan, Manila
    [6] => 2024-12-16
    [7] => trizthelmaetablan@gmail.com
    [8] => Proof of Non-Residency for Loan
    [9] => N/A
    [10] => National_ID
    [11] => uploads/barangay_assistance.jpg
    [12] => Kazuhiko Tirados
    [13] => 2021-06-20
    [14] => 20
    [15] => 0
    [16] => 1
)

[09-Jan-2025 18:21:29 Europe/Berlin] Parameters: Array
(
    [0] => CERTIFICATE OF NON-RESIDENCY
    [1] => Trizthel Mae S. Tablan
    [2] => 22
    [3] => single
    [4] => Filipino
    [5] => 2141 Interior 10 Jesus Street, Pandacan, Manila
    [6] => 2024-12-16
    [7] => trizthelmaetablan@gmail.com
    [8] => Proof of Non-Residency for Loan
    [9] => N/A
    [10] => National_ID
    [11] => 
    [12] => Kazuhiko Tirados
    [13] => 2021-06-20
    [14] => 21
    [15] => 0
    [16] => 1
)

[09-Jan-2025 18:21:38 Europe/Berlin] Parameters: Array
(
    [0] => CERTIFICATE OF NON-RESIDENCY
    [1] => Trizthel Mae S. Tablan
    [2] => 22
    [3] => single
    [4] => Filipino
    [5] => 2141 Interior 10 Jesus Street, Pandacan, Manila
    [6] => 2024-12-16
    [7] => trizthelmaetablan@gmail.com
    [8] => Proof of Non-Residency for Loan
    [9] => N/A
    [10] => National_ID
    [11] => uploads/noche_buena.jpg
    [12] => Kazuhiko Tirados
    [13] => 2021-06-20
    [14] => 21
    [15] => 0
    [16] => 1
)

[09-Jan-2025 18:21:46 Europe/Berlin] Parameters: Array
(
    [0] => CERTIFICATE OF NON-RESIDENCY
    [1] => Trizthel Mae S. Tablan
    [2] => 22
    [3] => single
    [4] => Filipino
    [5] => 2141 Interior 10 Jesus Street, Pandacan, Manila
    [6] => 2024-12-16
    [7] => trizthelmaetablan@gmail.com
    [8] => Proof of Non-Residency for Loan
    [9] => N/A
    [10] => National_ID
    [11] => 
    [12] => Kazuhiko Tirados
    [13] => 2021-06-20
    [14] => 22
    [15] => 0
    [16] => 1
)

[09-Jan-2025 18:44:13 Europe/Berlin] Parameters: Array
(
    [0] => CERTIFICATE OF NON-RESIDENCY
    [1] => Trizthel Mae S. Tablan
    [2] => 22
    [3] => single
    [4] => Filipino
    [5] => 2141 Interior 10 Jesus Street, Pandacan, Manila
    [6] => 2024-12-16
    [7] => trizthelmaetablan@gmail.com
    [8] => Proof of Non-Residency for Loan
    [9] => N/A
    [10] => National_ID
    [11] => uploads/noche_buena.jpg
    [12] => Kazuhiko Tirados
    [13] => 2021-06-20
    [14] => 22
    [15] => 0
    [16] => 1
)

[09-Jan-2025 18:44:18 Europe/Berlin] Parameters: Array
(
    [0] => CERTIFICATE OF NON-RESIDENCY
    [1] => Trizthel Mae S. Tablan
    [2] => 22
    [3] => single
    [4] => Filipino
    [5] => 2141 Interior 10 Jesus Street, Pandacan, Manila
    [6] => 2024-12-16
    [7] => trizthelmaetablan@gmail.com
    [8] => Proof of Non-Residency for Loan
    [9] => N/A
    [10] => Barangay_ID
    [11] => 
    [12] => Kazuhiko Tirados
    [13] => 2021-06-20
    [14] => 22
    [15] => 0
    [16] => 1
)

[09-Jan-2025 19:37:22 Europe/Berlin] Parameters: Array
(
    [0] => CERTIFICATE OF NON-RESIDENCY
    [1] => Trizthel Mae S. Tablan
    [2] => 22
    [3] => single
    [4] => Filipino
    [5] => 2141 Interior 10 Jesus Street, Pandacan, Manila
    [6] => 2024-12-16
    [7] => trizthelmaetablan@gmail.com
    [8] => Proof of Non-Residency for Loan
    [9] => N/A
    [10] => Barangay_ID
    [11] => uploads/barangay_assistance.jpg
    [12] => Kazuhiko Tirados
    [13] => 2021-06-20
    [14] => 22
    [15] => 0
    [16] => 1
)

[09-Jan-2025 19:37:28 Europe/Berlin] Parameters: Array
(
    [0] => CERTIFICATE OF NON-RESIDENCY
    [1] => Trizthel Mae S. Tablan
    [2] => 22
    [3] => single
    [4] => Filipino
    [5] => 2141 Interior 10 Jesus Street, Pandacan, Manila
    [6] => 2024-12-16
    [7] => trizthelmaetablan@gmail.com
    [8] => Proof of Non-Residency for Loan
    [9] => N/A
    [10] => School_ID
    [11] => 
    [12] => Kazuhiko Tirados
    [13] => 2021-06-20
    [14] => 22
    [15] => 0
    [16] => 1
)

